<?xml version="1.0" encoding="UTF-8"?>
<!-- Generated by org.testng.reporters.JUnitReportReporter -->
<testsuite hostname="Sivasuriyan_M" failures="0" tests="3" name="com.testautomation.LoginTest" time="16.028" errors="0" timestamp="2025-05-09T16:30:28 IST" skipped="0">
  <testcase classname="com.testautomation.LoginTest" name="testInvalidLogin" time="5.205"/>
  <testcase classname="com.testautomation.LoginTest" name="testValidLogin" time="6.481"/>
  <testcase classname="com.testautomation.LoginTest" name="testEmptyFields" time="4.342"/>
</testsuite> <!-- com.testautomation.LoginTest -->
